Added Component: Designator=U1(STM32F103VET6-LQFP)
Added Pin To Net: NetName=PE2 Pin=U1-1
Added Pin To Net: NetName=PE3 Pin=U1-2
Added Pin To Net: NetName=PE4 Pin=U1-3
Added Pin To Net: NetName=PE5 Pin=U1-4
Added Pin To Net: NetName=PE6 Pin=U1-5
Added Pin To Net: NetName=3.3V Pin=U1-6
Added Pin To Net: NetName=GY_ADDR Pin=U1-7
Added Pin To Net: NetName=GND Pin=U1-10
Added Pin To Net: NetName=3.3V Pin=U1-11
Added Pin To Net: NetName=OSC_IN Pin=U1-12
Added Pin To Net: NetName=OSC_OUT Pin=U1-13
Added Pin To Net: NetName=NRST Pin=U1-14
Added Pin To Net: NetName=FIRE_IN Pin=U1-16
Added Pin To Net: NetName=GND Pin=U1-19
Added Pin To Net: NetName=GND Pin=U1-20
Added Pin To Net: NetName=3.3V Pin=U1-21
Added Pin To Net: NetName=3.3V Pin=U1-22
Added Pin To Net: NetName=FIRE_OUT Pin=U1-23
Added Pin To Net: NetName=SOIL_OUT Pin=U1-24
Added Pin To Net: NetName=USART2_TX Pin=U1-25
Added Pin To Net: NetName=USART2_RX Pin=U1-26
Added Pin To Net: NetName=GND Pin=U1-27
Added Pin To Net: NetName=3.3V Pin=U1-28
Added Pin To Net: NetName=SPI_CS Pin=U1-29
Added Pin To Net: NetName=SPI_SCK Pin=U1-30
Added Pin To Net: NetName=SPI_MISO Pin=U1-31
Added Pin To Net: NetName=SPI_MOSI Pin=U1-32
Added Pin To Net: NetName=SOIL_IN Pin=U1-33
Added Pin To Net: NetName=TIM3_3 Pin=U1-35
Added Pin To Net: NetName=TIM3_4 Pin=U1-36
Added Pin To Net: NetName=BOOT1 Pin=U1-37
Added Pin To Net: NetName=PE7 Pin=U1-38
Added Pin To Net: NetName=PE8 Pin=U1-39
Added Pin To Net: NetName=PE9 Pin=U1-40
Added Pin To Net: NetName=PE10 Pin=U1-41
Added Pin To Net: NetName=PE11 Pin=U1-42
Added Pin To Net: NetName=PE12 Pin=U1-43
Added Pin To Net: NetName=PE13 Pin=U1-44
Added Pin To Net: NetName=PE14 Pin=U1-45
Added Pin To Net: NetName=PE15 Pin=U1-46
Added Pin To Net: NetName=TB_AIN1 Pin=U1-47
Added Pin To Net: NetName=TB_AIN2 Pin=U1-48
Added Pin To Net: NetName=GND Pin=U1-49
Added Pin To Net: NetName=3.3V Pin=U1-50
Added Pin To Net: NetName=TB_BIN1 Pin=U1-51
Added Pin To Net: NetName=TB_BIN2 Pin=U1-52
Added Pin To Net: NetName=RELAY_1 Pin=U1-53
Added Pin To Net: NetName=RELAY_2 Pin=U1-54
Added Pin To Net: NetName=PD8 Pin=U1-55
Added Pin To Net: NetName=PD9 Pin=U1-56
Added Pin To Net: NetName=PD10 Pin=U1-57
Added Pin To Net: NetName=PD11 Pin=U1-58
Added Pin To Net: NetName=PD12 Pin=U1-59
Added Pin To Net: NetName=PD13 Pin=U1-60
Added Pin To Net: NetName=PD14 Pin=U1-61
Added Pin To Net: NetName=PD15 Pin=U1-62
Added Pin To Net: NetName=RFID_IRQ Pin=U1-63
Added Pin To Net: NetName=RFID_RST Pin=U1-64
Added Pin To Net: NetName=SDIO_D0 Pin=U1-65
Added Pin To Net: NetName=SDIO_D1 Pin=U1-66
Added Pin To Net: NetName=PA8 Pin=U1-67
Added Pin To Net: NetName=USART1_TX Pin=U1-68
Added Pin To Net: NetName=USART1_RX Pin=U1-69
Added Pin To Net: NetName=TMS Pin=U1-72
Added Pin To Net: NetName=GND Pin=U1-74
Added Pin To Net: NetName=3.3V Pin=U1-75
Added Pin To Net: NetName=TCK Pin=U1-76
Added Pin To Net: NetName=SDIO_D2 Pin=U1-78
Added Pin To Net: NetName=SDIO_D3 Pin=U1-79
Added Pin To Net: NetName=SDIO_CK Pin=U1-80
Added Pin To Net: NetName=PD0 Pin=U1-81
Added Pin To Net: NetName=PD1 Pin=U1-82
Added Pin To Net: NetName=PD2 Pin=U1-83
Added Pin To Net: NetName=PD3 Pin=U1-84
Added Pin To Net: NetName=PD4 Pin=U1-85
Added Pin To Net: NetName=PD5 Pin=U1-86
Added Pin To Net: NetName=PD6 Pin=U1-87
Added Pin To Net: NetName=PD7 Pin=U1-88
Added Pin To Net: NetName=RT_OUT Pin=U1-91
Added Pin To Net: NetName=I2C_SCL Pin=U1-92
Added Pin To Net: NetName=I2C_SDA Pin=U1-93
Added Pin To Net: NetName=BOOT0 Pin=U1-94
Added Pin To Net: NetName=PB8 Pin=U1-95
Added Pin To Net: NetName=PB9 Pin=U1-96
Added Pin To Net: NetName=PE0 Pin=U1-97
Added Pin To Net: NetName=PE1 Pin=U1-98
Added Pin To Net: NetName=GND Pin=U1-99
Added Pin To Net: NetName=3.3V Pin=U1-100
Added Member To Class: ClassName=Sheet1 Member=Component U1 STM32F103VET6
Added Room: Name=Sheet1
Added Room: Name=Sheet2
