Added Component: Designator=J6(PE)
Added Component: Designator=J7(PE2)
Added Pin To Net: NetName=PE0 Pin=J6-1
Added Pin To Net: NetName=PE1 Pin=J6-2
Added Pin To Net: NetName=PE2 Pin=J6-3
Added Pin To Net: NetName=PE3 Pin=J6-4
Added Pin To Net: NetName=PE4 Pin=J6-5
Added Pin To Net: NetName=PE5 Pin=J6-6
Added Pin To Net: NetName=PE6 Pin=J6-7
Added Pin To Net: NetName=PE7 Pin=J6-8
Added Pin To Net: NetName=PE8 Pin=J7-1
Added Pin To Net: NetName=PE9 Pin=J7-2
Added Pin To Net: NetName=PE10 Pin=J7-3
Added Pin To Net: NetName=PE11 Pin=J7-4
Added Pin To Net: NetName=PE12 Pin=J7-5
Added Pin To Net: NetName=PE13 Pin=J7-6
Added Pin To Net: NetName=PE14 Pin=J7-7
Added Pin To Net: NetName=PE15 Pin=J7-8
Added Member To Class: ClassName=Sheet1 Member=Component J6 PE1
Added Member To Class: ClassName=Sheet1 Member=Component J7 PE2
Added Room: Name=Sheet1
